<?xml version="1.0" encoding="UTF-8"?>
<testsuite xmlns:xsi="http://www.w3.org/2001/XMLSchema-instance" xsi:noNamespaceSchemaLocation="https://maven.apache.org/surefire/maven-surefire-plugin/xsd/surefire-test-report-3.0.xsd" version="3.0" name="TestSuite" time="503.361" tests="7" errors="0" skipped="0" failures="0">
  <properties>
[...]
</properties>
  <testcase name="runScenario[&quot;User tracks order using valid Order ID, Email, and Pincode which is cancelled&quot;, &quot;Track Order Status via Chatbot&quot;](1)" classname="testRunners.Cancelled" time="80.43">
    <system-out><![CDATA[
Scenario Outline: User tracks order using valid Order ID, Email, and Pincode which is cancelled # src/test/resources/features/Cancelled.feature:31
  Given the user is on the Bobbi Brown customer service page                                    # stepDefinitions.TrackOrderSteps_Valid_Input.user_on_customer_service_page()
  When the user accepts cookies                                                                 # stepDefinitions.TrackOrderSteps_Valid_Input.user_accepts_cookies()
  And the user opens the chatbot                                                                # stepDefinitions.TrackOrderSteps_Valid_Input.user_opens_chatbot()
  And the user validate the chatbot header                                                      # stepDefinitions.TrackOrderSteps_Valid_Input.the_user_validate_the_chatbot_header()
  And the user validate the logo of BB is visible                                               # stepDefinitions.TrackOrderSteps_Valid_Input.the_user_validate_the_logo_of_bb_is_visible()
  And the user validate the welcome message by chatbot                                          # stepDefinitions.TrackOrderSteps_Valid_Input.the_user_validate_the_welcome_message_by_chatbot()
  And the user clicks on privacy policy and it should to redirect to policy details page        # stepDefinitions.TrackOrderSteps_Valid_Input.the_user_clicks_on_privacy_policy_and_it_should_to_redirect_to_policy_details_page()
  And the user selects "TRACK MY ORDER"                                                         # stepDefinitions.TrackOrderSteps_Valid_Input.user_selects_option(java.lang.String)
  And the user confirms they have an order number                                               # stepDefinitions.TrackOrderSteps_Valid_Input.user_confirms_order_number()
  And Validating the reply given by chatbot for order number                                    # stepDefinitions.TrackOrderSteps_Valid_Input.Validating_the_reply_given_by_chatbot_for_order_number()
  And the user enters order ID "288908210"                                                      # stepDefinitions.TrackOrderSteps_Valid_Input.user_enters_order_id(java.lang.String)
  And Validating the reply given by chatbot for email                                           # stepDefinitions.TrackOrderSteps_Valid_Input.validating_the_reply_given_by_chatbot_for_email()
  And the user enters email "maneh.farazmand@gmail.com"                                         # stepDefinitions.TrackOrderSteps_Valid_Input.user_enters_email(java.lang.String)
  And Validating the reply given by chatbot for postal code                                     # stepDefinitions.TrackOrderSteps_Valid_Input.validating_the_reply_given_by_chatbot_for_postal_code()
  And the user enters postal code "SK7 1EP"                                                     # stepDefinitions.TrackOrderSteps_Valid_Input.user_enters_postal_code(java.lang.String)
  And Validating the reply given by chatbot looking for order information                       # stepDefinitions.TrackOrderSteps_Valid_Input.validating_the_reply_given_by_chatbot_looking_for_order_information()
  And retrived the current status of the order                                                  # stepDefinitions.TrackOrderSteps_Valid_Input.retrived_the_current_status_of_the_order()
  And Valdating the reply given by chatbot for further assistance and clicking on Yes           # stepDefinitions.TrackOrderSteps_Valid_Input.valdating_the_reply_given_by_chatbot_for_further_assistance_and_clicking_on_Yes()
  And Validating the reply given by chatbot THANK YOU                                           # stepDefinitions.TrackOrderSteps_Valid_Input.validating_the_reply_given_by_chatbot_thank_you()
  And Validating the reply about the service experience                                         # stepDefinitions.TrackOrderSteps_Valid_Input.validating_the_reply_about_the_service_experience()
  And giving the rating as five star                                                            # stepDefinitions.TrackOrderSteps_Valid_Input.giving_the_rating_as_five_star()
  And Validating the replay about feedback                                                      # stepDefinitions.TrackOrderSteps_Valid_Input.validating_the_replay_about_feedback()
  And giving the feedback as GOOD                                                               # stepDefinitions.TrackOrderSteps_Valid_Input.giving_the_feedback_as_good()
  And Validaing the Thank you msg by chatbot                                                    # stepDefinitions.TrackOrderSteps_Valid_Input.validaing_the_thank_you_msg_by_chatbot()
  Then closed the website                                                                       # stepDefinitions.TrackOrderSteps_Valid_Input.closed_the_website()
]]></system-out>
    <system-err><![CDATA[SLF4J: Failed to load class "org.slf4j.impl.StaticLoggerBinder".
SLF4J: Defaulting to no-operation (NOP) logger implementation
SLF4J: See http://www.slf4j.org/codes.html#StaticLoggerBinder for further details.
Jun 05, 2025 4:15:49 PM org.openqa.selenium.devtools.CdpVersionFinder findNearestMatch
WARNING: Unable to find an exact match for CDP version 136, returning the closest version; found: 132; Please update to a Selenium version that supports CDP version 136
]]></system-err>
  </testcase>
  <testcase name="runScenario[&quot;User tracks order using valid Order ID, Email, and Pincode which is in warehouse&quot;, &quot;Track Order Status via Chatbot&quot;](1)" classname="testRunners.In_warehouse" time="57.966">
    <system-out><![CDATA[
Scenario Outline: User tracks order using valid Order ID, Email, and Pincode which is in warehouse # src/test/resources/features/In_warehouse.feature:31
  Given the user is on the Bobbi Brown customer service page                                       # stepDefinitions.TrackOrderSteps_Valid_Input.user_on_customer_service_page()
  When the user accepts cookies                                                                    # stepDefinitions.TrackOrderSteps_Valid_Input.user_accepts_cookies()
  And the user opens the chatbot                                                                   # stepDefinitions.TrackOrderSteps_Valid_Input.user_opens_chatbot()
  And the user validate the chatbot header                                                         # stepDefinitions.TrackOrderSteps_Valid_Input.the_user_validate_the_chatbot_header()
  And the user validate the logo of BB is visible                                                  # stepDefinitions.TrackOrderSteps_Valid_Input.the_user_validate_the_logo_of_bb_is_visible()
  And the user validate the welcome message by chatbot                                             # stepDefinitions.TrackOrderSteps_Valid_Input.the_user_validate_the_welcome_message_by_chatbot()
  And the user clicks on privacy policy and it should to redirect to policy details page           # stepDefinitions.TrackOrderSteps_Valid_Input.the_user_clicks_on_privacy_policy_and_it_should_to_redirect_to_policy_details_page()
  And the user selects "TRACK MY ORDER"                                                            # stepDefinitions.TrackOrderSteps_Valid_Input.user_selects_option(java.lang.String)
  And the user confirms they have an order number                                                  # stepDefinitions.TrackOrderSteps_Valid_Input.user_confirms_order_number()
  And Validating the reply given by chatbot for order number                                       # stepDefinitions.TrackOrderSteps_Valid_Input.Validating_the_reply_given_by_chatbot_for_order_number()
  And the user enters order ID "289087821"                                                         # stepDefinitions.TrackOrderSteps_Valid_Input.user_enters_order_id(java.lang.String)
  And Validating the reply given by chatbot for email                                              # stepDefinitions.TrackOrderSteps_Valid_Input.validating_the_reply_given_by_chatbot_for_email()
  And the user enters email "frances.ca.evans@outlook.com"                                         # stepDefinitions.TrackOrderSteps_Valid_Input.user_enters_email(java.lang.String)
  And Validating the reply given by chatbot for postal code                                        # stepDefinitions.TrackOrderSteps_Valid_Input.validating_the_reply_given_by_chatbot_for_postal_code()
  And the user enters postal code "HP23 4DP"                                                       # stepDefinitions.TrackOrderSteps_Valid_Input.user_enters_postal_code(java.lang.String)
  And Validating the reply given by chatbot looking for order information                          # stepDefinitions.TrackOrderSteps_Valid_Input.validating_the_reply_given_by_chatbot_looking_for_order_information()
  And retrived the current status of the order                                                     # stepDefinitions.TrackOrderSteps_Valid_Input.retrived_the_current_status_of_the_order()
  And Valdating the reply given by chatbot for further assistance and clicking on Yes              # stepDefinitions.TrackOrderSteps_Valid_Input.valdating_the_reply_given_by_chatbot_for_further_assistance_and_clicking_on_Yes()
  And Validating the reply given by chatbot THANK YOU                                              # stepDefinitions.TrackOrderSteps_Valid_Input.validating_the_reply_given_by_chatbot_thank_you()
  And Validating the reply about the service experience                                            # stepDefinitions.TrackOrderSteps_Valid_Input.validating_the_reply_about_the_service_experience()
  And giving the rating as five star                                                               # stepDefinitions.TrackOrderSteps_Valid_Input.giving_the_rating_as_five_star()
  And Validating the replay about feedback                                                         # stepDefinitions.TrackOrderSteps_Valid_Input.validating_the_replay_about_feedback()
  And giving the feedback as GOOD                                                                  # stepDefinitions.TrackOrderSteps_Valid_Input.giving_the_feedback_as_good()
  And Validaing the Thank you msg by chatbot                                                       # stepDefinitions.TrackOrderSteps_Valid_Input.validaing_the_thank_you_msg_by_chatbot()
  Then closed the website                                                                          # stepDefinitions.TrackOrderSteps_Valid_Input.closed_the_website()
]]></system-out>
    <system-err><![CDATA[┌───────────────────────────────────────────────────────────────────────────────────┐
│ Share your Cucumber Report with your team at https://reports.cucumber.io          │
│ Activate publishing with one of the following:                                    │
│                                                                                   │
│ src/test/resources/cucumber.properties:          cucumber.publish.enabled=true    │
│ src/test/resources/junit-platform.properties:    cucumber.publish.enabled=true    │
│ Environment variable:                            CUCUMBER_PUBLISH_ENABLED=true    │
│ JUnit:                                           @CucumberOptions(publish = true) │
│                                                                                   │
│ More information at https://cucumber.io/docs/cucumber/environment-variables/      │
│                                                                                   │
│ Disable this message with one of the following:                                   │
│                                                                                   │
│ src/test/resources/cucumber.properties:          cucumber.publish.quiet=true      │
│ src/test/resources/junit-platform.properties:    cucumber.publish.quiet=true      │
└───────────────────────────────────────────────────────────────────────────────────┘
Jun 05, 2025 4:17:09 PM org.openqa.selenium.devtools.CdpVersionFinder findNearestMatch
WARNING: Unable to find an exact match for CDP version 136, returning the closest version; found: 132; Please update to a Selenium version that supports CDP version 136
]]></system-err>
  </testcase>
  <testcase name="runScenario[&quot;User tracks order using valid Order ID, Email, and Pincode which is Shipped_partial_oos&quot;, &quot;Track Order Status via Chatbot&quot;](1)" classname="testRunners.Shipped_partial_oos" time="61.549">
    <system-out><![CDATA[
Scenario Outline: User tracks order using valid Order ID, Email, and Pincode which is Shipped_partial_oos # src/test/resources/features/Shipped_partial_oos.feature:32
  Given the user is on the Bobbi Brown customer service page                                              # stepDefinitions.TrackOrderSteps_Valid_Input.user_on_customer_service_page()
  When the user accepts cookies                                                                           # stepDefinitions.TrackOrderSteps_Valid_Input.user_accepts_cookies()
  And the user opens the chatbot                                                                          # stepDefinitions.TrackOrderSteps_Valid_Input.user_opens_chatbot()
  And the user validate the chatbot header                                                                # stepDefinitions.TrackOrderSteps_Valid_Input.the_user_validate_the_chatbot_header()
  And the user validate the logo of BB is visible                                                         # stepDefinitions.TrackOrderSteps_Valid_Input.the_user_validate_the_logo_of_bb_is_visible()
  And the user validate the welcome message by chatbot                                                    # stepDefinitions.TrackOrderSteps_Valid_Input.the_user_validate_the_welcome_message_by_chatbot()
  And the user clicks on privacy policy and it should to redirect to policy details page                  # stepDefinitions.TrackOrderSteps_Valid_Input.the_user_clicks_on_privacy_policy_and_it_should_to_redirect_to_policy_details_page()
  And the user selects "TRACK MY ORDER"                                                                   # stepDefinitions.TrackOrderSteps_Valid_Input.user_selects_option(java.lang.String)
  And the user confirms they have an order number                                                         # stepDefinitions.TrackOrderSteps_Valid_Input.user_confirms_order_number()
  And Validating the reply given by chatbot for order number                                              # stepDefinitions.TrackOrderSteps_Valid_Input.Validating_the_reply_given_by_chatbot_for_order_number()
  And the user enters order ID "288603340"                                                                # stepDefinitions.TrackOrderSteps_Valid_Input.user_enters_order_id(java.lang.String)
  And Validating the reply given by chatbot for email                                                     # stepDefinitions.TrackOrderSteps_Valid_Input.validating_the_reply_given_by_chatbot_for_email()
  And the user enters email "ci5girl@gmail.com"                                                           # stepDefinitions.TrackOrderSteps_Valid_Input.user_enters_email(java.lang.String)
  And Validating the reply given by chatbot for postal code                                               # stepDefinitions.TrackOrderSteps_Valid_Input.validating_the_reply_given_by_chatbot_for_postal_code()
  And the user enters postal code "GL53 0JJ"                                                              # stepDefinitions.TrackOrderSteps_Valid_Input.user_enters_postal_code(java.lang.String)
  And Validating the reply given by chatbot looking for order information                                 # stepDefinitions.TrackOrderSteps_Valid_Input.validating_the_reply_given_by_chatbot_looking_for_order_information()
  And retrived the current status of the order                                                            # stepDefinitions.TrackOrderSteps_Valid_Input.retrived_the_current_status_of_the_order()
  And Valdating the reply given by chatbot for further assistance and clicking on Yes                     # stepDefinitions.TrackOrderSteps_Valid_Input.valdating_the_reply_given_by_chatbot_for_further_assistance_and_clicking_on_Yes()
  And Validating the reply given by chatbot THANK YOU                                                     # stepDefinitions.TrackOrderSteps_Valid_Input.validating_the_reply_given_by_chatbot_thank_you()
  And Validating the reply about the service experience                                                   # stepDefinitions.TrackOrderSteps_Valid_Input.validating_the_reply_about_the_service_experience()
  And giving the rating as five star                                                                      # stepDefinitions.TrackOrderSteps_Valid_Input.giving_the_rating_as_five_star()
  And Validating the replay about feedback                                                                # stepDefinitions.TrackOrderSteps_Valid_Input.validating_the_replay_about_feedback()
  And giving the feedback as GOOD                                                                         # stepDefinitions.TrackOrderSteps_Valid_Input.giving_the_feedback_as_good()
  And Validaing the Thank you msg by chatbot                                                              # stepDefinitions.TrackOrderSteps_Valid_Input.validaing_the_thank_you_msg_by_chatbot()
  Then closed the website                                                                                 # stepDefinitions.TrackOrderSteps_Valid_Input.closed_the_website()
]]></system-out>
    <system-err><![CDATA[┌───────────────────────────────────────────────────────────────────────────────────┐
│ Share your Cucumber Report with your team at https://reports.cucumber.io          │
│ Activate publishing with one of the following:                                    │
│                                                                                   │
│ src/test/resources/cucumber.properties:          cucumber.publish.enabled=true    │
│ src/test/resources/junit-platform.properties:    cucumber.publish.enabled=true    │
│ Environment variable:                            CUCUMBER_PUBLISH_ENABLED=true    │
│ JUnit:                                           @CucumberOptions(publish = true) │
│                                                                                   │
│ More information at https://cucumber.io/docs/cucumber/environment-variables/      │
│                                                                                   │
│ Disable this message with one of the following:                                   │
│                                                                                   │
│ src/test/resources/cucumber.properties:          cucumber.publish.quiet=true      │
│ src/test/resources/junit-platform.properties:    cucumber.publish.quiet=true      │
└───────────────────────────────────────────────────────────────────────────────────┘
Jun 05, 2025 4:18:07 PM org.openqa.selenium.devtools.CdpVersionFinder findNearestMatch
WARNING: Unable to find an exact match for CDP version 136, returning the closest version; found: 132; Please update to a Selenium version that supports CDP version 136
]]></system-err>
  </testcase>
  <testcase name="runScenario[&quot;User tracks order using valid Order ID, Email, and Pincode which is Shipped_RM&quot;, &quot;Track Order Status via Chatbot&quot;](1)" classname="testRunners.Shipped_RM" time="114.712">
    <system-out><![CDATA[
Scenario Outline: User tracks order using valid Order ID, Email, and Pincode which is Shipped_RM # src/test/resources/features/Shipped_RM.feature:33
  Given the user is on the Bobbi Brown customer service page                                     # stepDefinitions.TrackOrderSteps_Valid_Input.user_on_customer_service_page()
  When the user accepts cookies                                                                  # stepDefinitions.TrackOrderSteps_Valid_Input.user_accepts_cookies()
  And the user opens the chatbot                                                                 # stepDefinitions.TrackOrderSteps_Valid_Input.user_opens_chatbot()
  And the user validate the chatbot header                                                       # stepDefinitions.TrackOrderSteps_Valid_Input.the_user_validate_the_chatbot_header()
  And the user validate the logo of BB is visible                                                # stepDefinitions.TrackOrderSteps_Valid_Input.the_user_validate_the_logo_of_bb_is_visible()
  And the user validate the welcome message by chatbot                                           # stepDefinitions.TrackOrderSteps_Valid_Input.the_user_validate_the_welcome_message_by_chatbot()
  And the user clicks on privacy policy and it should to redirect to policy details page         # stepDefinitions.TrackOrderSteps_Valid_Input.the_user_clicks_on_privacy_policy_and_it_should_to_redirect_to_policy_details_page()
  And the user selects "TRACK MY ORDER"                                                          # stepDefinitions.TrackOrderSteps_Valid_Input.user_selects_option(java.lang.String)
  And the user confirms they have an order number                                                # stepDefinitions.TrackOrderSteps_Valid_Input.user_confirms_order_number()
  And Validating the reply given by chatbot for order number                                     # stepDefinitions.TrackOrderSteps_Valid_Input.Validating_the_reply_given_by_chatbot_for_order_number()
  And the user enters order ID "110059322"                                                       # stepDefinitions.TrackOrderSteps_Valid_Input.user_enters_order_id(java.lang.String)
  And Validating the reply given by chatbot for email                                            # stepDefinitions.TrackOrderSteps_Valid_Input.validating_the_reply_given_by_chatbot_for_email()
  And the user enters email "valchild@icloud.com"                                                # stepDefinitions.TrackOrderSteps_Valid_Input.user_enters_email(java.lang.String)
  And Validating the reply given by chatbot for postal code                                      # stepDefinitions.TrackOrderSteps_Valid_Input.validating_the_reply_given_by_chatbot_for_postal_code()
  And the user enters postal code "PO13 9DH"                                                     # stepDefinitions.TrackOrderSteps_Valid_Input.user_enters_postal_code(java.lang.String)
  And Validating the reply given by chatbot looking for order information                        # stepDefinitions.TrackOrderSteps_Valid_Input.validating_the_reply_given_by_chatbot_looking_for_order_information()
  And retrived the current status of the order                                                   # stepDefinitions.TrackOrderSteps_Valid_Input.retrived_the_current_status_of_the_order()
  And checking order status via track link provided by chatbot and closing the tab               # stepDefinitions.TrackOrderSteps_Valid_Input.checking_order_status_via_track_link_provided_by_chatbot_and_closing_the_tab()
  And checking order status via track link provided by chatbot and closing the tab               # stepDefinitions.TrackOrderSteps_Valid_Input.checking_order_status_via_track_link_provided_by_chatbot_and_closing_the_tab()
  And Valdating the reply given by chatbot for further assistance and clicking on Yes            # stepDefinitions.TrackOrderSteps_Valid_Input.valdating_the_reply_given_by_chatbot_for_further_assistance_and_clicking_on_Yes()
  And Validating the reply given by chatbot THANK YOU                                            # stepDefinitions.TrackOrderSteps_Valid_Input.validating_the_reply_given_by_chatbot_thank_you()
  And Validating the reply about the service experience                                          # stepDefinitions.TrackOrderSteps_Valid_Input.validating_the_reply_about_the_service_experience()
  And giving the rating as five star                                                             # stepDefinitions.TrackOrderSteps_Valid_Input.giving_the_rating_as_five_star()
  And Validating the replay about feedback                                                       # stepDefinitions.TrackOrderSteps_Valid_Input.validating_the_replay_about_feedback()
  And giving the feedback as GOOD                                                                # stepDefinitions.TrackOrderSteps_Valid_Input.giving_the_feedback_as_good()
  And Validaing the Thank you msg by chatbot                                                     # stepDefinitions.TrackOrderSteps_Valid_Input.validaing_the_thank_you_msg_by_chatbot()
  Then closed the website                                                                        # stepDefinitions.TrackOrderSteps_Valid_Input.closed_the_website()
]]></system-out>
    <system-err><![CDATA[┌───────────────────────────────────────────────────────────────────────────────────┐
│ Share your Cucumber Report with your team at https://reports.cucumber.io          │
│ Activate publishing with one of the following:                                    │
│                                                                                   │
│ src/test/resources/cucumber.properties:          cucumber.publish.enabled=true    │
│ src/test/resources/junit-platform.properties:    cucumber.publish.enabled=true    │
│ Environment variable:                            CUCUMBER_PUBLISH_ENABLED=true    │
│ JUnit:                                           @CucumberOptions(publish = true) │
│                                                                                   │
│ More information at https://cucumber.io/docs/cucumber/environment-variables/      │
│                                                                                   │
│ Disable this message with one of the following:                                   │
│                                                                                   │
│ src/test/resources/cucumber.properties:          cucumber.publish.quiet=true      │
│ src/test/resources/junit-platform.properties:    cucumber.publish.quiet=true      │
└───────────────────────────────────────────────────────────────────────────────────┘
Jun 05, 2025 4:19:08 PM org.openqa.selenium.devtools.CdpVersionFinder findNearestMatch
WARNING: Unable to find an exact match for CDP version 136, returning the closest version; found: 132; Please update to a Selenium version that supports CDP version 136
Jun 05, 2025 4:20:10 PM org.openqa.selenium.devtools.CdpVersionFinder findNearestMatch
WARNING: Unable to find CDP implementation matching 137
Jun 05, 2025 4:20:10 PM org.openqa.selenium.chromium.ChromiumDriver lambda$new$4
WARNING: Unable to find version of CDP to use for 137.0.7151.68. You may need to include a dependency on a specific version of the CDP using something similar to `org.seleniumhq.selenium:selenium-devtools-v86:4.28.0` where the version ("v86") matches the version of the chromium-based browser you're using and the version number of the artifact is the same as Selenium's.
Jun 05, 2025 4:20:27 PM org.openqa.selenium.devtools.CdpVersionFinder findNearestMatch
WARNING: Unable to find CDP implementation matching 137
Jun 05, 2025 4:20:27 PM org.openqa.selenium.chromium.ChromiumDriver lambda$new$4
WARNING: Unable to find version of CDP to use for 137.0.7151.68. You may need to include a dependency on a specific version of the CDP using something similar to `org.seleniumhq.selenium:selenium-devtools-v86:4.28.0` where the version ("v86") matches the version of the chromium-based browser you're using and the version number of the artifact is the same as Selenium's.
]]></system-err>
  </testcase>
  <testcase name="runScenario[&quot;User tracks order using valid Order ID, Email, and Pincode which is Shipped&quot;, &quot;Track Order Status via Chatbot&quot;](1)" classname="testRunners.Shipped" time="77.677">
    <system-out><![CDATA[
Scenario Outline: User tracks order using valid Order ID, Email, and Pincode which is Shipped # src/test/resources/features/Shipped.feature:33
  Given the user is on the Bobbi Brown customer service page                                  # stepDefinitions.TrackOrderSteps_Valid_Input.user_on_customer_service_page()
  When the user accepts cookies                                                               # stepDefinitions.TrackOrderSteps_Valid_Input.user_accepts_cookies()
  And the user opens the chatbot                                                              # stepDefinitions.TrackOrderSteps_Valid_Input.user_opens_chatbot()
  And the user validate the chatbot header                                                    # stepDefinitions.TrackOrderSteps_Valid_Input.the_user_validate_the_chatbot_header()
  And the user validate the logo of BB is visible                                             # stepDefinitions.TrackOrderSteps_Valid_Input.the_user_validate_the_logo_of_bb_is_visible()
  And the user validate the welcome message by chatbot                                        # stepDefinitions.TrackOrderSteps_Valid_Input.the_user_validate_the_welcome_message_by_chatbot()
  And the user clicks on privacy policy and it should to redirect to policy details page      # stepDefinitions.TrackOrderSteps_Valid_Input.the_user_clicks_on_privacy_policy_and_it_should_to_redirect_to_policy_details_page()
  And the user selects "TRACK MY ORDER"                                                       # stepDefinitions.TrackOrderSteps_Valid_Input.user_selects_option(java.lang.String)
  And the user confirms they have an order number                                             # stepDefinitions.TrackOrderSteps_Valid_Input.user_confirms_order_number()
  And Validating the reply given by chatbot for order number                                  # stepDefinitions.TrackOrderSteps_Valid_Input.Validating_the_reply_given_by_chatbot_for_order_number()
  And the user enters order ID "288855042"                                                    # stepDefinitions.TrackOrderSteps_Valid_Input.user_enters_order_id(java.lang.String)
  And Validating the reply given by chatbot for email                                         # stepDefinitions.TrackOrderSteps_Valid_Input.validating_the_reply_given_by_chatbot_for_email()
  And the user enters email "ruthinnes@hotmail.co.uk"                                         # stepDefinitions.TrackOrderSteps_Valid_Input.user_enters_email(java.lang.String)
  And Validating the reply given by chatbot for postal code                                   # stepDefinitions.TrackOrderSteps_Valid_Input.validating_the_reply_given_by_chatbot_for_postal_code()
  And the user enters postal code "G76 0HS"                                                   # stepDefinitions.TrackOrderSteps_Valid_Input.user_enters_postal_code(java.lang.String)
  And Validating the reply given by chatbot looking for order information                     # stepDefinitions.TrackOrderSteps_Valid_Input.validating_the_reply_given_by_chatbot_looking_for_order_information()
  And retrived the current status of the order                                                # stepDefinitions.TrackOrderSteps_Valid_Input.retrived_the_current_status_of_the_order()
  And checking order status via track link provided by chatbot and closing the tab            # stepDefinitions.TrackOrderSteps_Valid_Input.checking_order_status_via_track_link_provided_by_chatbot_and_closing_the_tab()
  And Valdating the reply given by chatbot for further assistance and clicking on Yes         # stepDefinitions.TrackOrderSteps_Valid_Input.valdating_the_reply_given_by_chatbot_for_further_assistance_and_clicking_on_Yes()
  And Validating the reply given by chatbot THANK YOU                                         # stepDefinitions.TrackOrderSteps_Valid_Input.validating_the_reply_given_by_chatbot_thank_you()
  And Validating the reply about the service experience                                       # stepDefinitions.TrackOrderSteps_Valid_Input.validating_the_reply_about_the_service_experience()
  And giving the rating as five star                                                          # stepDefinitions.TrackOrderSteps_Valid_Input.giving_the_rating_as_five_star()
  And Validating the replay about feedback                                                    # stepDefinitions.TrackOrderSteps_Valid_Input.validating_the_replay_about_feedback()
  And giving the feedback as GOOD                                                             # stepDefinitions.TrackOrderSteps_Valid_Input.giving_the_feedback_as_good()
  And Validaing the Thank you msg by chatbot                                                  # stepDefinitions.TrackOrderSteps_Valid_Input.validaing_the_thank_you_msg_by_chatbot()
  Then closed the website                                                                     # stepDefinitions.TrackOrderSteps_Valid_Input.closed_the_website()
]]></system-out>
    <system-err><![CDATA[┌───────────────────────────────────────────────────────────────────────────────────┐
│ Share your Cucumber Report with your team at https://reports.cucumber.io          │
│ Activate publishing with one of the following:                                    │
│                                                                                   │
│ src/test/resources/cucumber.properties:          cucumber.publish.enabled=true    │
│ src/test/resources/junit-platform.properties:    cucumber.publish.enabled=true    │
│ Environment variable:                            CUCUMBER_PUBLISH_ENABLED=true    │
│ JUnit:                                           @CucumberOptions(publish = true) │
│                                                                                   │
│ More information at https://cucumber.io/docs/cucumber/environment-variables/      │
│                                                                                   │
│ Disable this message with one of the following:                                   │
│                                                                                   │
│ src/test/resources/cucumber.properties:          cucumber.publish.quiet=true      │
│ src/test/resources/junit-platform.properties:    cucumber.publish.quiet=true      │
└───────────────────────────────────────────────────────────────────────────────────┘
Jun 05, 2025 4:21:03 PM org.openqa.selenium.devtools.CdpVersionFinder findNearestMatch
WARNING: Unable to find an exact match for CDP version 136, returning the closest version; found: 132; Please update to a Selenium version that supports CDP version 136
Jun 05, 2025 4:21:53 PM org.openqa.selenium.devtools.CdpVersionFinder findNearestMatch
WARNING: Unable to find CDP implementation matching 137
Jun 05, 2025 4:21:53 PM org.openqa.selenium.chromium.ChromiumDriver lambda$new$4
WARNING: Unable to find version of CDP to use for 137.0.7151.68. You may need to include a dependency on a specific version of the CDP using something similar to `org.seleniumhq.selenium:selenium-devtools-v86:4.28.0` where the version ("v86") matches the version of the chromium-based browser you're using and the version number of the artifact is the same as Selenium's.
]]></system-err>
  </testcase>
  <testcase name="runScenario[&quot;User tracks order using Invalid Order ID&quot;, &quot;Track Order Status via Chatbot&quot;](1)" classname="testRunners.TestRunner_Invalid_OrderID" time="54.215">
    <system-out><![CDATA[
Scenario Outline: User tracks order using Invalid Order ID                               # src/test/resources/features/Bobbi_Brown_Chatbot_Invalid _OrderID.feature:21
  Given the user is on the Bobbi Brown customer service page                             # stepDefinitions.TrackOrderSteps_Valid_Input.user_on_customer_service_page()
  When the user accepts cookies                                                          # stepDefinitions.TrackOrderSteps_Valid_Input.user_accepts_cookies()
  And the user opens the chatbot                                                         # stepDefinitions.TrackOrderSteps_Valid_Input.user_opens_chatbot()
  And the user validate the chatbot header                                               # stepDefinitions.TrackOrderSteps_Valid_Input.the_user_validate_the_chatbot_header()
  And the user validate the logo of BB is visible                                        # stepDefinitions.TrackOrderSteps_Valid_Input.the_user_validate_the_logo_of_bb_is_visible()
  And the user validate the welcome message by chatbot                                   # stepDefinitions.TrackOrderSteps_Valid_Input.the_user_validate_the_welcome_message_by_chatbot()
  And the user clicks on privacy policy and it should to redirect to policy details page # stepDefinitions.TrackOrderSteps_Valid_Input.the_user_clicks_on_privacy_policy_and_it_should_to_redirect_to_policy_details_page()
  And the user selects "TRACK MY ORDER"                                                  # stepDefinitions.TrackOrderSteps_Valid_Input.user_selects_option(java.lang.String)
  And the user confirms they have an order number                                        # stepDefinitions.TrackOrderSteps_Valid_Input.user_confirms_order_number()
  And Validating the reply given by chatbot for order number                             # stepDefinitions.TrackOrderSteps_Valid_Input.Validating_the_reply_given_by_chatbot_for_order_number()
  And the user enters invalid order ID "123AC415"                                        # stepDefinitions.TrackOrderSteps_Valid_Input.the_user_enters_invalid_order_id(java.lang.String)
  And the user should get invalid order Id reply from chatbot and another try            # stepDefinitions.TrackOrderSteps_Valid_Input.the_user_should_get_invalid_order_id_reply_from_chatbot_and_another_try()
  And the user enters again invalid order Id "123AC415"                                  # stepDefinitions.TrackOrderSteps_Valid_Input.the_user_enters_again_invalid_order_id(java.lang.String)
  And the user should get sorry messege and redirect to advisor if avaliable             # stepDefinitions.TrackOrderSteps_Valid_Input.the_user_should_get_sorry_messege_and_redirect_to_advisor_if_avaliable()
  Then closed the website                                                                # stepDefinitions.TrackOrderSteps_Valid_Input.closed_the_website()
]]></system-out>
    <system-err><![CDATA[┌───────────────────────────────────────────────────────────────────────────────────┐
│ Share your Cucumber Report with your team at https://reports.cucumber.io          │
│ Activate publishing with one of the following:                                    │
│                                                                                   │
│ src/test/resources/cucumber.properties:          cucumber.publish.enabled=true    │
│ src/test/resources/junit-platform.properties:    cucumber.publish.enabled=true    │
│ Environment variable:                            CUCUMBER_PUBLISH_ENABLED=true    │
│ JUnit:                                           @CucumberOptions(publish = true) │
│                                                                                   │
│ More information at https://cucumber.io/docs/cucumber/environment-variables/      │
│                                                                                   │
│ Disable this message with one of the following:                                   │
│                                                                                   │
│ src/test/resources/cucumber.properties:          cucumber.publish.quiet=true      │
│ src/test/resources/junit-platform.properties:    cucumber.publish.quiet=true      │
└───────────────────────────────────────────────────────────────────────────────────┘
Jun 05, 2025 4:22:20 PM org.openqa.selenium.devtools.CdpVersionFinder findNearestMatch
WARNING: Unable to find an exact match for CDP version 136, returning the closest version; found: 132; Please update to a Selenium version that supports CDP version 136
]]></system-err>
  </testcase>
  <testcase name="runScenario[&quot;User tracks order using valid Order ID, Email, and invalid Pincode&quot;, &quot;Track Order Status via Chatbot&quot;](1)" classname="testRunners.TestRunner_Invalid_Postalcode" time="55.103">
    <system-out><![CDATA[
Scenario Outline: User tracks order using valid Order ID, Email, and invalid Pincode     # src/test/resources/features/Bobbi_Brown_Chatbot_Invalid_Postalcode.feature:26
  Given the user is on the Bobbi Brown customer service page                             # stepDefinitions.TrackOrderSteps_Valid_Input.user_on_customer_service_page()
  When the user accepts cookies                                                          # stepDefinitions.TrackOrderSteps_Valid_Input.user_accepts_cookies()
  And the user opens the chatbot                                                         # stepDefinitions.TrackOrderSteps_Valid_Input.user_opens_chatbot()
  And the user validate the chatbot header                                               # stepDefinitions.TrackOrderSteps_Valid_Input.the_user_validate_the_chatbot_header()
  And the user validate the logo of BB is visible                                        # stepDefinitions.TrackOrderSteps_Valid_Input.the_user_validate_the_logo_of_bb_is_visible()
  And the user validate the welcome message by chatbot                                   # stepDefinitions.TrackOrderSteps_Valid_Input.the_user_validate_the_welcome_message_by_chatbot()
  And the user clicks on privacy policy and it should to redirect to policy details page # stepDefinitions.TrackOrderSteps_Valid_Input.the_user_clicks_on_privacy_policy_and_it_should_to_redirect_to_policy_details_page()
  And the user selects "TRACK MY ORDER"                                                  # stepDefinitions.TrackOrderSteps_Valid_Input.user_selects_option(java.lang.String)
  And the user confirms they have an order number                                        # stepDefinitions.TrackOrderSteps_Valid_Input.user_confirms_order_number()
  And Validating the reply given by chatbot for order number                             # stepDefinitions.TrackOrderSteps_Valid_Input.Validating_the_reply_given_by_chatbot_for_order_number()
  And the user enters order ID "110059322"                                               # stepDefinitions.TrackOrderSteps_Valid_Input.user_enters_order_id(java.lang.String)
  And Validating the reply given by chatbot for email                                    # stepDefinitions.TrackOrderSteps_Valid_Input.validating_the_reply_given_by_chatbot_for_email()
  And the user enters email "valchild@icloud.com"                                        # stepDefinitions.TrackOrderSteps_Valid_Input.user_enters_email(java.lang.String)
  And Validating the reply given by chatbot for postal code                              # stepDefinitions.TrackOrderSteps_Valid_Input.validating_the_reply_given_by_chatbot_for_postal_code()
  And the user enters invalid postal code "123ABC"                                       # stepDefinitions.TrackOrderSteps_Valid_Input.the_user_enters_invalid_postal_code(java.lang.String)
  And the user should get invalid postal message from chatbot                            # stepDefinitions.TrackOrderSteps_Valid_Input.the_user_should_get_invalid_postal_message_from_chatbot()
  And the user again enters the invalid postal code "123ABC"                             # stepDefinitions.TrackOrderSteps_Valid_Input.the_user_again_enters_the_invalid_postal_code(java.lang.String)
  And the user should get sorry message and try to advisor from chatbot                  # stepDefinitions.TrackOrderSteps_Valid_Input.the_user_should_get_sorry_message_and_try_to_advisor_from_chatbot()
  Then closed the website                                                                # stepDefinitions.TrackOrderSteps_Valid_Input.closed_the_website()
]]></system-out>
    <system-err><![CDATA[┌───────────────────────────────────────────────────────────────────────────────────┐
│ Share your Cucumber Report with your team at https://reports.cucumber.io          │
│ Activate publishing with one of the following:                                    │
│                                                                                   │
│ src/test/resources/cucumber.properties:          cucumber.publish.enabled=true    │
│ src/test/resources/junit-platform.properties:    cucumber.publish.enabled=true    │
│ Environment variable:                            CUCUMBER_PUBLISH_ENABLED=true    │
│ JUnit:                                           @CucumberOptions(publish = true) │
│                                                                                   │
│ More information at https://cucumber.io/docs/cucumber/environment-variables/      │
│                                                                                   │
│ Disable this message with one of the following:                                   │
│                                                                                   │
│ src/test/resources/cucumber.properties:          cucumber.publish.quiet=true      │
│ src/test/resources/junit-platform.properties:    cucumber.publish.quiet=true      │
└───────────────────────────────────────────────────────────────────────────────────┘
Jun 05, 2025 4:23:15 PM org.openqa.selenium.devtools.CdpVersionFinder findNearestMatch
WARNING: Unable to find an exact match for CDP version 136, returning the closest version; found: 132; Please update to a Selenium version that supports CDP version 136
]]></system-err>
  </testcase>
</testsuite>