<?xml version="1.0" encoding="UTF-8"?>
<testng-results ignored="0" total="1" passed="1" failed="0" skipped="0">
  <reporter-output>
  </reporter-output>
  <suite started-at="2025-06-05T15:39:41 IST" name="CucumberSuite" finished-at="2025-06-05T15:40:54 IST" duration-ms="73418">
    <groups>
      <group name="cucumber">
        <method signature="AbstractTestNGCucumberTests.runScenario(io.cucumber.testng.PickleWrapper,io.cucumber.testng.FeatureWrapper)[pri:0, instance:testRunners.Cancelled@587e5365]" name="runScenario" class="io.cucumber.testng.AbstractTestNGCucumberTests"/>
      </group> <!-- cucumber -->
    </groups>
    <test started-at="2025-06-05T15:39:41 IST" name="CucumberTests" finished-at="2025-06-05T15:40:54 IST" duration-ms="73418">
      <class name="testRunners.Cancelled">
        <test-method is-config="true" signature="setUpClass(org.testng.ITestContext)[pri:0, instance:testRunners.Cancelled@587e5365]" started-at="2025-06-05T15:39:41 IST" name="setUpClass" finished-at="2025-06-05T15:39:41 IST" duration-ms="644" status="PASS">
          <params>
            <param index="0">
              <value>
                <![CDATA[org.testng.TestRunner@36ad229b]]>
              </value>
            </param>
          </params>
          <reporter-output>
          </reporter-output>
        </test-method> <!-- setUpClass -->
        <test-method signature="runScenario(io.cucumber.testng.PickleWrapper,io.cucumber.testng.FeatureWrapper)[pri:0, instance:testRunners.Cancelled@587e5365]" started-at="2025-06-05T15:39:41 IST" name="runScenario" description="Runs Cucumber Scenarios" data-provider="scenarios" finished-at="2025-06-05T15:40:54 IST" duration-ms="72668" status="PASS">
          <params>
            <param index="0">
              <value>
                <![CDATA["User tracks order using valid Order ID, Email, and Pincode which is cancelled"]]>
              </value>
            </param>
            <param index="1">
              <value>
                <![CDATA["Track Order Status via Chatbot"]]>
              </value>
            </param>
          </params>
          <reporter-output>
          </reporter-output>
        </test-method> <!-- runScenario -->
        <test-method is-config="true" signature="tearDownClass()[pri:0, instance:testRunners.Cancelled@587e5365]" started-at="2025-06-05T15:40:54 IST" name="tearDownClass" finished-at="2025-06-05T15:40:54 IST" duration-ms="45" status="PASS">
          <reporter-output>
          </reporter-output>
        </test-method> <!-- tearDownClass -->
      </class> <!-- testRunners.Cancelled -->
    </test> <!-- CucumberTests -->
  </suite> <!-- CucumberSuite -->
</testng-results>
